<?xml version="1.0" encoding="UTF-8"?>
<!-- Generated by org.testng.reporters.JUnitXMLReporter -->
<testsuite hostname="LAPTOP-OGUBGQ1C" ignored="0" name="Test" tests="12" failures="0" timestamp="2022-04-21T07:01:01 IST" time="29.181" errors="0">
  <testcase name="verifyManagegroupLogin" time="1.737" classname="com.sevenrmart.qa.testcases.VerifyManageGroupPageTest"/>
  <testcase name="verifyPage" time="0.058" classname="com.sevenrmart.qa.testcases.VerifyManageGroupPageTest"/>
  <testcase name="verifyGroupAction" time="2.819" classname="com.sevenrmart.qa.testcases.VerifyManageGroupPageTest"/>
  <testcase name="verifyDeliveryLogin" time="1.432" classname="com.sevenrmart.qa.testcases.VerifyManageDelivBoyTest"/>
  <testcase name="verifyPageElement" time="0.162" classname="com.sevenrmart.qa.testcases.VerifyManageDelivBoyTest"/>
  <testcase name="verifyNewDelivery" time="3.536" classname="com.sevenrmart.qa.testcases.VerifyManageDelivBoyTest"/>
  <testcase name="VerifyManageCodLogin" time="1.39" classname="com.sevenrmart.qa.testcases.VerifyManageCodPageTest"/>
  <testcase name="verifyPageElement" time="0.043" classname="com.sevenrmart.qa.testcases.VerifyManageCodPageTest"/>
  <testcase name="verifyAddCod" time="1.004" classname="com.sevenrmart.qa.testcases.VerifyManageCodPageTest"/>
  <testcase name="verifyManageSliderLogin" time="1.748" classname="com.sevenrmart.qa.testcases.VerifyManageSliderTest"/>
  <testcase name="verifyPage" time="0.042" classname="com.sevenrmart.qa.testcases.VerifyManageSliderTest"/>
  <testcase name="verifyNewSlider" time="3.5" classname="com.sevenrmart.qa.testcases.VerifyManageSliderTest"/>
</testsuite> <!-- Test -->
