<?xml version="1.0" encoding="UTF-8"?>
<testsuite xmlns:xsi="http://www.w3.org/2001/XMLSchema-instance" xsi:noNamespaceSchemaLocation="https://maven.apache.org/surefire/maven-surefire-plugin/xsd/surefire-test-report.xsd" name="TestSuite" time="9.193" tests="2" errors="0" skipped="0" failures="1">
  <properties>
[...]
</properties>
  <testcase name="login" classname="com.sevenrmart.qa.testcases.VerifyingLoginPageTest" time="1.252"/>
  <testcase name="loginverification" classname="com.sevenrmart.qa.testcases.VerifyingLoginPageTest" time="0.11">
    <failure message="expected [https://groceryapp.uniqassosiates.com/admin/login] but found [https://groceryapp.uniqassosiates.com/admin]" type="java.lang.AssertionError">java.lang.AssertionError: expected [https://groceryapp.uniqassosiates.com/admin/login] but found [https://groceryapp.uniqassosiates.com/admin]
	at com.sevenrmart.qa.testcases.VerifyingLoginPageTest.loginverification(VerifyingLoginPageTest.java:26)
</failure>
  </testcase>
</testsuite>