<?xml version="1.0" encoding="UTF-8"?>
<!-- Generated by org.testng.reporters.JUnitXMLReporter -->
<testsuite hostname="LAPTOP-OGUBGQ1C" ignored="0" name="Default test" tests="2" failures="0" timestamp="2022-04-26T17:54:44 IST" time="6.316" errors="0">
  <testcase name="manageFooterLogin" time="1.821" classname="com.sevenrmart.qa.testcases.VerifyManageFooterTest"/>
  <testcase name="verifyEditAction" time="1.465" classname="com.sevenrmart.qa.testcases.VerifyManageFooterTest"/>
</testsuite> <!-- Default test -->
